<?xml version="1.0" encoding="utf-8"?><testsuite errors="0" failures="0" name="pytest" skipped="0" tests="4" time="1.713"><testcase classname="integration.basic.testinfra.test_mysql_client" file="integration/basic/testinfra/test_mysql_client.py" line="4" name="test_file[docker://842d3b6bea4f1e3b3abf3e6d99beb0a63371412c5623e0b75194d38250e39db2-/etc/mysql-client.conf]" time="0.806"></testcase><testcase classname="integration.basic.testinfra.test_mysql_client" file="integration/basic/testinfra/test_mysql_client.py" line="4" name="test_file[docker://842d3b6bea4f1e3b3abf3e6d99beb0a63371412c5623e0b75194d38250e39db2-/etc/python.conf]" time="0.204"></testcase><testcase classname="integration.basic.testinfra.test_mysql_client" file="integration/basic/testinfra/test_mysql_client.py" line="4" name="test_file[docker://842d3b6bea4f1e3b3abf3e6d99beb0a63371412c5623e0b75194d38250e39db2-/etc/apache.conf]" time="0.214"></testcase><testcase classname="integration.basic.testinfra.test_pkg" file="integration/basic/testinfra/test_pkg.py" line="4" name="test_packages[docker://842d3b6bea4f1e3b3abf3e6d99beb0a63371412c5623e0b75194d38250e39db2-sudo]" time="0.439"><system-out>System Distribution ubuntu
</system-out><system-err>System Type linux
</system-err></testcase></testsuite>